# JRE version: Java(TM) SE Runtime Environment (8.0_201-b09) (build 1.8.0_201-b09)
# Java VM: Java HotSpot(TM) 64-Bit Server VM (25.201-b09 mixed mode windows-amd64 compressed oops)
Heap:
 PSYoungGen      total 52736K, used 41913K [0x00000000e1100000, 0x00000000e4800000, 0x0000000100000000)
  eden space 49152K, 85% used [0x00000000e1100000,0x00000000e39ee7b8,0x00000000e4100000)
  from space 3584K, 0% used [0x00000000e4100000,0x00000000e4100000,0x00000000e4480000)
  to   space 3584K, 0% used [0x00000000e4480000,0x00000000e4480000,0x00000000e4800000)
 ParOldGen       total 46080K, used 7137K [0x00000000a3200000, 0x00000000a5f00000, 0x00000000e1100000)
  object space 46080K, 15% used [0x00000000a3200000,0x00000000a38f8698,0x00000000a5f00000)
 Metaspace       used 24524K, capacity 25202K, committed 25472K, reserved 1071104K
  class space    used 3178K, capacity 3352K, committed 3456K, reserved 1048576K
GC Heap History (10 events):
Event: 2.602 GC heap before
{Heap before GC invocations=2 (full 0):
 PSYoungGen      total 28160K, used 28151K [0x00000000e1100000, 0x00000000e3000000, 0x0000000100000000)
  eden space 24576K, 100% used [0x00000000e1100000,0x00000000e2900000,0x00000000e2900000)
  from space 3584K, 99% used [0x00000000e2900000,0x00000000e2c7df98,0x00000000e2c80000)
  to   space 3584K, 0% used [0x00000000e2c80000,0x00000000e2c80000,0x00000000e3000000)
 ParOldGen       total 64512K, used 738K [0x00000000a3200000, 0x00000000a7100000, 0x00000000e1100000)
  object space 64512K, 1% used [0x00000000a3200000,0x00000000a32b8838,0x00000000a7100000)
 Metaspace       used 12186K, capacity 12448K, committed 12672K, reserved 1060864K
  class space    used 1458K, capacity 1546K, committed 1664K, reserved 1048576K
Event: 2.616 GC heap after
Heap after GC invocations=2 (full 0):
 PSYoungGen      total 28160K, used 3559K [0x00000000e1100000, 0x00000000e4800000, 0x0000000100000000)
  eden space 24576K, 0% used [0x00000000e1100000,0x00000000e1100000,0x00000000e2900000)
  from space 3584K, 99% used [0x00000000e2c80000,0x00000000e2ff9e20,0x00000000e3000000)
  to   space 3584K, 0% used [0x00000000e2900000,0x00000000e2900000,0x00000000e2c80000)
 ParOldGen       total 64512K, used 2040K [0x00000000a3200000, 0x00000000a7100000, 0x00000000e1100000)
  object space 64512K, 3% used [0x00000000a3200000,0x00000000a33fe158,0x00000000a7100000)
 Metaspace       used 12186K, capacity 12448K, committed 12672K, reserved 1060864K
  class space    used 1458K, capacity 1546K, committed 1664K, reserved 1048576K
}
Event: 3.386 GC heap before
{Heap before GC invocations=3 (full 0):
 PSYoungGen      total 28160K, used 28135K [0x00000000e1100000, 0x00000000e4800000, 0x0000000100000000)
  eden space 24576K, 100% used [0x00000000e1100000,0x00000000e2900000,0x00000000e2900000)
  from space 3584K, 99% used [0x00000000e2c80000,0x00000000e2ff9e20,0x00000000e3000000)
  to   space 3584K, 0% used [0x00000000e2900000,0x00000000e2900000,0x00000000e2c80000)
 ParOldGen       total 64512K, used 2040K [0x00000000a3200000, 0x00000000a7100000, 0x00000000e1100000)
  object space 64512K, 3% used [0x00000000a3200000,0x00000000a33fe158,0x00000000a7100000)
 Metaspace       used 15874K, capacity 16316K, committed 16512K, reserved 1062912K
  class space    used 2018K, capacity 2133K, committed 2176K, reserved 1048576K
Event: 3.397 GC heap after
Heap after GC invocations=3 (full 0):
 PSYoungGen      total 28160K, used 3552K [0x00000000e1100000, 0x00000000e4800000, 0x0000000100000000)
  eden space 24576K, 0% used [0x00000000e1100000,0x00000000e1100000,0x00000000e2900000)
  from space 3584K, 99% used [0x00000000e2900000,0x00000000e2c78020,0x00000000e2c80000)
  to   space 3584K, 0% used [0x00000000e4480000,0x00000000e4480000,0x00000000e4800000)
 ParOldGen       total 64512K, used 4166K [0x00000000a3200000, 0x00000000a7100000, 0x00000000e1100000)
  object space 64512K, 6% used [0x00000000a3200000,0x00000000a36118c0,0x00000000a7100000)
 Metaspace       used 15874K, capacity 16316K, committed 16512K, reserved 1062912K
  class space    used 2018K, capacity 2133K, committed 2176K, reserved 1048576K
}
Event: 3.713 GC heap before
{Heap before GC invocations=4 (full 0):
 PSYoungGen      total 28160K, used 28128K [0x00000000e1100000, 0x00000000e4800000, 0x0000000100000000)
  eden space 24576K, 100% used [0x00000000e1100000,0x00000000e2900000,0x00000000e2900000)
  from space 3584K, 99% used [0x00000000e2900000,0x00000000e2c78020,0x00000000e2c80000)
  to   space 3584K, 0% used [0x00000000e4480000,0x00000000e4480000,0x00000000e4800000)
 ParOldGen       total 64512K, used 4166K [0x00000000a3200000, 0x00000000a7100000, 0x00000000e1100000)
  object space 64512K, 6% used [0x00000000a3200000,0x00000000a36118c0,0x00000000a7100000)
 Metaspace       used 18106K, capacity 18570K, committed 18688K, reserved 1064960K
  class space    used 2392K, capacity 2512K, committed 2560K, reserved 1048576K
Event: 3.723 GC heap after
Heap after GC invocations=4 (full 0):
 PSYoungGen      total 52736K, used 3568K [0x00000000e1100000, 0x00000000e4800000, 0x0000000100000000)
  eden space 49152K, 0% used [0x00000000e1100000,0x00000000e1100000,0x00000000e4100000)
  from space 3584K, 99% used [0x00000000e4480000,0x00000000e47fc030,0x00000000e4800000)
  to   space 3584K, 0% used [0x00000000e4100000,0x00000000e4100000,0x00000000e4480000)
 ParOldGen       total 64512K, used 6715K [0x00000000a3200000, 0x00000000a7100000, 0x00000000e1100000)
  object space 64512K, 10% used [0x00000000a3200000,0x00000000a388ec98,0x00000000a7100000)
 Metaspace       used 18106K, capacity 18570K, committed 18688K, reserved 1064960K
  class space    used 2392K, capacity 2512K, committed 2560K, reserved 1048576K
}
Event: 4.141 GC heap before
{Heap before GC invocations=5 (full 0):
 PSYoungGen      total 52736K, used 29634K [0x00000000e1100000, 0x00000000e4800000, 0x0000000100000000)
  eden space 49152K, 53% used [0x00000000e1100000,0x00000000e2a74ad0,0x00000000e4100000)
  from space 3584K, 99% used [0x00000000e4480000,0x00000000e47fc030,0x00000000e4800000)
  to   space 3584K, 0% used [0x00000000e4100000,0x00000000e4100000,0x00000000e4480000)
 ParOldGen       total 64512K, used 6715K [0x00000000a3200000, 0x00000000a7100000, 0x00000000e1100000)
  object space 64512K, 10% used [0x00000000a3200000,0x00000000a388ec98,0x00000000a7100000)
 Metaspace       used 20623K, capacity 21194K, committed 21296K, reserved 1067008K
  class space    used 2687K, capacity 2870K, committed 2944K, reserved 1048576K
Event: 4.154 GC heap after
Heap after GC invocations=5 (full 0):
 PSYoungGen      total 52736K, used 3569K [0x00000000e1100000, 0x00000000e4800000, 0x0000000100000000)
  eden space 49152K, 0% used [0x00000000e1100000,0x00000000e1100000,0x00000000e4100000)
  from space 3584K, 99% used [0x00000000e4100000,0x00000000e447c448,0x00000000e4480000)
  to   space 3584K, 0% used [0x00000000e4480000,0x00000000e4480000,0x00000000e4800000)
 ParOldGen       total 64512K, used 9739K [0x00000000a3200000, 0x00000000a7100000, 0x00000000e1100000)
  object space 64512K, 15% used [0x00000000a3200000,0x00000000a3b82f78,0x00000000a7100000)
 Metaspace       used 20623K, capacity 21194K, committed 21296K, reserved 1067008K
  class space    used 2687K, capacity 2870K, committed 2944K, reserved 1048576K
}
Event: 4.154 GC heap before
{Heap before GC invocations=6 (full 1):
 PSYoungGen      total 52736K, used 3569K [0x00000000e1100000, 0x00000000e4800000, 0x0000000100000000)
  eden space 49152K, 0% used [0x00000000e1100000,0x00000000e1100000,0x00000000e4100000)
  from space 3584K, 99% used [0x00000000e4100000,0x00000000e447c448,0x00000000e4480000)
  to   space 3584K, 0% used [0x00000000e4480000,0x00000000e4480000,0x00000000e4800000)
 ParOldGen       total 64512K, used 9739K [0x00000000a3200000, 0x00000000a7100000, 0x00000000e1100000)
  object space 64512K, 15% used [0x00000000a3200000,0x00000000a3b82f78,0x00000000a7100000)
 Metaspace       used 20623K, capacity 21194K, committed 21296K, reserved 1067008K
  class space    used 2687K, capacity 2870K, committed 2944K, reserved 1048576K
Event: 4.207 GC heap after
Heap after GC invocations=6 (full 1):
 PSYoungGen      total 52736K, used 0K [0x00000000e1100000, 0x00000000e4800000, 0x0000000100000000)
  eden space 49152K, 0% used [0x00000000e1100000,0x00000000e1100000,0x00000000e4100000)
  from space 3584K, 0% used [0x00000000e4100000,0x00000000e4100000,0x00000000e4480000)
  to   space 3584K, 0% used [0x00000000e4480000,0x00000000e4480000,0x00000000e4800000)
 ParOldGen       total 46080K, used 7137K [0x00000000a3200000, 0x00000000a5f00000, 0x00000000e1100000)
  object space 46080K, 15% used [0x00000000a3200000,0x00000000a38f8698,0x00000000a5f00000)
 Metaspace       used 20623K, capacity 21194K, committed 21296K, reserved 1067008K
  class space    used 2687K, capacity 2870K, committed 2944K, reserved 1048576K
}

